[1/13] legacy_hold36_space4 {'n_trades': 105, 'trades_per_week': 8.732, 'win_rate_pct': 44.762, 'avg_rr': 2.0724, 'profit_factor': 1.8003, 'total_r': 46.27, 'max_drawdown_r': 13.16, 'risk_adjusted': 3.516, 'max_loss_streak': 11}
[2/13] hold_64 {'n_trades': 107, 'trades_per_week': 8.898, 'win_rate_pct': 45.794, 'avg_rr': 2.3733, 'profit_factor': 2.0839, 'total_r': 67.63, 'max_drawdown_r': 12.77, 'risk_adjusted': 5.296, 'max_loss_streak': 9}
[3/13] causal_baseline {'n_trades': 109, 'trades_per_week': 9.064, 'win_rate_pct': 43.119, 'avg_rr': 2.3905, 'profit_factor': 1.9477, 'total_r': 58.8, 'max_drawdown_r': 14.25, 'risk_adjusted': 4.1263, 'max_loss_streak': 10}
[4/13] hold_128 {'n_trades': 108, 'trades_per_week': 8.981, 'win_rate_pct': 45.37, 'avg_rr': 2.4404, 'profit_factor': 2.1622, 'total_r': 70.58, 'max_drawdown_r': 10.0, 'risk_adjusted': 7.058, 'max_loss_streak': 8}
[5/13] spacing_16 {'n_trades': 108, 'trades_per_week': 8.981, 'win_rate_pct': 48.148, 'avg_rr': 2.3773, 'profit_factor': 2.2062, 'total_r': 78.73, 'max_drawdown_r': 12.73, 'risk_adjusted': 6.1846, 'max_loss_streak': 9}
[6/13] spacing_8 {'n_trades': 110, 'trades_per_week': 9.147, 'win_rate_pct': 46.364, 'avg_rr': 2.2726, 'profit_factor': 2.0196, 'total_r': 66.18, 'max_drawdown_r': 9.54, 'risk_adjusted': 6.9371, 'max_loss_streak': 8}
[7/13] atr_1_65 {'n_trades': 84, 'trades_per_week': 6.985, 'win_rate_pct': 41.667, 'avg_rr': 2.4803, 'profit_factor': 1.77, 'total_r': 41.59, 'max_drawdown_r': 6.55, 'risk_adjusted': 6.3496, 'max_loss_streak': 6}
[8/13] atr_1_35 {'n_trades': 98, 'trades_per_week': 8.149, 'win_rate_pct': 41.837, 'avg_rr': 2.4363, 'profit_factor': 1.7394, 'total_r': 47.98, 'max_drawdown_r': 9.19, 'risk_adjusted': 5.2209, 'max_loss_streak': 8}
[9/13] session_08_17 {'n_trades': 101, 'trades_per_week': 8.399, 'win_rate_pct': 53.465, 'avg_rr': 2.3686, 'profit_factor': 2.8325, 'total_r': 95.09, 'max_drawdown_r': 6.49, 'risk_adjusted': 14.6518, 'max_loss_streak': 5}
[10/13] rr_2_2 {'n_trades': 114, 'trades_per_week': 9.48, 'win_rate_pct': 53.509, 'avg_rr': 1.7564, 'profit_factor': 1.9894, 'total_r': 62.73, 'max_drawdown_r': 7.49, 'risk_adjusted': 8.3752, 'max_loss_streak': 5}
[11/13] quality_filter {'n_trades': 107, 'trades_per_week': 8.898, 'win_rate_pct': 46.729, 'avg_rr': 2.2716, 'profit_factor': 2.1159, 'total_r': 66.35, 'max_drawdown_r': 13.14, 'risk_adjusted': 5.0495, 'max_loss_streak': 9}
[12/13] regime_rules {'n_trades': 110, 'trades_per_week': 9.147, 'win_rate_pct': 43.636, 'avg_rr': 2.3828, 'profit_factor': 1.9303, 'total_r': 61.1, 'max_drawdown_r': 14.12, 'risk_adjusted': 4.3272, 'max_loss_streak': 10}
[13/13] native_features {'n_trades': 102, 'trades_per_week': 8.482, 'win_rate_pct': 46.078, 'avg_rr': 2.2594, 'profit_factor': 2.0479, 'total_r': 59.72, 'max_drawdown_r': 9.12, 'risk_adjusted': 6.5482, 'max_loss_streak': 5}
[1/5] balanced_current {'n_trades': 104, 'trades_per_week': 8.648, 'win_rate_pct': 52.885, 'avg_rr': 1.8465, 'profit_factor': 2.0776, 'total_r': 59.08, 'max_drawdown_r': 6.82, 'risk_adjusted': 8.6628, 'max_loss_streak': 5}
[2/5] combo_spacing_8__rr_2_2 {'n_trades': 112, 'trades_per_week': 9.314, 'win_rate_pct': 47.321, 'avg_rr': 1.7478, 'profit_factor': 1.6172, 'total_r': 39.24, 'max_drawdown_r': 7.1, 'risk_adjusted': 5.5268, 'max_loss_streak': 5}
[3/5] combo_spacing_8__hold_64 {'n_trades': 108, 'trades_per_week': 8.981, 'win_rate_pct': 44.444, 'avg_rr': 2.3286, 'profit_factor': 1.8343, 'total_r': 60.85, 'max_drawdown_r': 12.23, 'risk_adjusted': 4.9755, 'max_loss_streak': 10}
[4/5] combo_hold_64__rr_2_2 {'n_trades': 111, 'trades_per_week': 9.231, 'win_rate_pct': 54.054, 'avg_rr': 1.7498, 'profit_factor': 2.1933, 'total_r': 63.03, 'max_drawdown_r': 7.2, 'risk_adjusted': 8.7542, 'max_loss_streak': 5}
[5/5] balanced_native {'n_trades': 85, 'trades_per_week': 7.068, 'win_rate_pct': 50.588, 'avg_rr': 1.8483, 'profit_factor': 1.8098, 'total_r': 42.01, 'max_drawdown_r': 6.83, 'risk_adjusted': 6.1508, 'max_loss_streak': 5}
[1/1] spacing_8 {'n_trades': 109, 'trades_per_week': 9.064, 'win_rate_pct': 42.202, 'avg_rr': 2.0277, 'profit_factor': 1.5492, 'total_r': 37.98, 'max_drawdown_r': 15.27, 'risk_adjusted': 2.4872, 'max_loss_streak': 10}
{
  "recommended": "spacing_8",
  "holdout": {
    "n_trades": 110,
    "trades_per_week": 9.147,
    "win_rate_pct": 46.364,
    "avg_rr": 2.2726,
    "profit_factor": 2.0196,
    "total_r": 66.18,
    "max_drawdown_r": 9.54,
    "risk_adjusted": 6.9371,
    "max_loss_streak": 8
  },
  "promotion": {
    "thresholds": {
      "win_rate_pct": 45.119,
      "total_r": 58.8,
      "max_drawdown_r": 15.675,
      "risk_adjusted": 4.126
    },
    "checks": {
      "frequency_7_to_10": true,
      "win_rate_plus_2pp": true,
      "total_r_above_baseline": true,
      "drawdown_within_10pct": true,
      "risk_adjusted_not_worse": true,
      "stress_profitable": true,
      "stress_frequency_7_to_10": true
    },
    "passed": true
  }
}
