
--- start 2026-07-23T22:48:44+07:00 ---
paper chart=http://127.0.0.1:8766
2026-07-23 22:48:46.092 WARNING streamlit.runtime.caching.cache_data_api: No runtime found, using MemoryCacheStorageManager
2026-07-23 22:48:46.093 WARNING streamlit.runtime.caching.cache_data_api: No runtime found, using MemoryCacheStorageManager
paper bar=2026-07-23 14:00:00 model=tm_mt5_best_94ef551a trades=1

--- start 2026-07-23T22:51:09+07:00 ---
paper chart=http://127.0.0.1:8766
2026-07-23 22:51:11.829 WARNING streamlit.runtime.caching.cache_data_api: No runtime found, using MemoryCacheStorageManager
2026-07-23 22:51:11.838 WARNING streamlit.runtime.caching.cache_data_api: No runtime found, using MemoryCacheStorageManager
paper bar=2026-07-23 14:00:00 model=tm_mt5_best_94ef551a trades=1
paper bar=2026-07-23 14:00:00 model=tm_mt5_best_94ef551a trades=1

--- start 2026-07-23T22:53:24+07:00 ---
paper chart=http://127.0.0.1:8766
2026-07-23 22:53:26.577 WARNING streamlit.runtime.caching.cache_data_api: No runtime found, using MemoryCacheStorageManager
2026-07-23 22:53:26.578 WARNING streamlit.runtime.caching.cache_data_api: No runtime found, using MemoryCacheStorageManager
paper bar=2026-07-23 14:00:00 model=tm_mt5_best_94ef551a trades=1

--- start 2026-07-23T22:54:34+07:00 ---
paper chart=http://127.0.0.1:8766
2026-07-23 22:54:36.058 WARNING streamlit.runtime.caching.cache_data_api: No runtime found, using MemoryCacheStorageManager
2026-07-23 22:54:36.059 WARNING streamlit.runtime.caching.cache_data_api: No runtime found, using MemoryCacheStorageManager
paper bar=2026-07-23 14:00:00 model=tm_mt5_best_94ef551a trades=1
paper bar=2026-07-23 15:00:00 model=tm_mt5_best_94ef551a trades=1

--- start 2026-07-23T23:03:18+07:00 ---
paper chart=http://127.0.0.1:8766
2026-07-23 23:03:20.130 WARNING streamlit.runtime.caching.cache_data_api: No runtime found, using MemoryCacheStorageManager
2026-07-23 23:03:20.131 WARNING streamlit.runtime.caching.cache_data_api: No runtime found, using MemoryCacheStorageManager
paper bar=2026-07-23 15:00:00 model=tm_mt5_best_94ef551a trades=1

--- start 2026-07-23T23:10:33+07:00 ---
paper chart=http://127.0.0.1:8766
2026-07-23 23:10:35.594 WARNING streamlit.runtime.caching.cache_data_api: No runtime found, using MemoryCacheStorageManager
2026-07-23 23:10:35.595 WARNING streamlit.runtime.caching.cache_data_api: No runtime found, using MemoryCacheStorageManager
paper bar=2026-07-23 15:00:00 model=tm_mt5_best_94ef551a trades=1

--- start 2026-07-24T02:27:55+07:00 ---
paper chart=http://127.0.0.1:8766
2026-07-24 02:27:57.400 WARNING streamlit.runtime.caching.cache_data_api: No runtime found, using MemoryCacheStorageManager
2026-07-24 02:27:57.401 WARNING streamlit.runtime.caching.cache_data_api: No runtime found, using MemoryCacheStorageManager
paper bar=2026-07-23 19:00:00 model=tm_m15_best_2cd3edb1 trades=5
paper bar=2026-07-23 19:15:00 model=tm_m15_best_2cd3edb1 trades=5
paper bar=2026-07-23 19:30:00 model=tm_m15_best_2cd3edb1 trades=4
paper bar=2026-07-23 19:30:00 model=tm_m15_best_2_49216b56 trades=6
paper bar=2026-07-23 19:45:00 model=tm_m15_best_2_49216b56 trades=6
paper bar=2026-07-23 20:00:00 model=tm_m15_best_2_49216b56 trades=6
paper bar=2026-07-23 20:15:00 model=tm_m15_best_2_49216b56 trades=6
paper bar=2026-07-23 20:30:00 model=tm_m15_best_2_49216b56 trades=6
paper bar=2026-07-23 20:45:00 model=tm_m15_best_2_49216b56 trades=6
paper bar=2026-07-23 21:00:00 model=tm_m15_best_2_49216b56 trades=6
paper bar=2026-07-23 21:15:00 model=tm_m15_best_2_49216b56 trades=6
paper bar=2026-07-23 21:30:00 model=tm_m15_best_2_49216b56 trades=6
paper bar=2026-07-23 21:45:00 model=tm_m15_best_2_49216b56 trades=6
paper bar=2026-07-23 22:00:00 model=tm_m15_best_2_49216b56 trades=6
paper bar=2026-07-23 22:15:00 model=tm_m15_best_2_49216b56 trades=6
paper bar=2026-07-23 22:30:00 model=tm_m15_best_2_49216b56 trades=6
paper bar=2026-07-23 22:45:00 model=tm_m15_best_2_49216b56 trades=6
paper bar=2026-07-23 23:00:00 model=tm_m15_best_2_49216b56 trades=6
paper bar=2026-07-23 23:15:00 model=tm_m15_best_2_49216b56 trades=6
paper bar=2026-07-23 23:30:00 model=tm_m15_best_2_49216b56 trades=6
paper bar=2026-07-23 23:45:00 model=tm_m15_best_2_49216b56 trades=6
paper bar=2026-07-24 00:00:00 model=tm_m15_best_2_49216b56 trades=6
paper bar=2026-07-24 00:15:00 model=tm_m15_best_2_49216b56 trades=6
paper bar=2026-07-24 00:30:00 model=tm_m15_best_2_49216b56 trades=6
paper bar=2026-07-24 00:45:00 model=tm_m15_best_2_49216b56 trades=6
paper bar=2026-07-24 01:00:00 model=tm_m15_best_2_49216b56 trades=6
paper bar=2026-07-24 01:15:00 model=tm_m15_best_2_49216b56 trades=6
paper bar=2026-07-24 01:30:00 model=tm_m15_best_2_49216b56 trades=6
paper bar=2026-07-24 01:45:00 model=tm_m15_best_2_49216b56 trades=6
paper bar=2026-07-24 02:00:00 model=tm_m15_best_2_49216b56 trades=6
paper bar=2026-07-24 02:15:00 model=tm_m15_best_2_49216b56 trades=6

--- start 2026-07-24T09:35:27+07:00 ---
paper chart=http://127.0.0.1:8766
2026-07-24 09:35:30.376 WARNING streamlit.runtime.caching.cache_data_api: No runtime found, using MemoryCacheStorageManager
2026-07-24 09:35:30.377 WARNING streamlit.runtime.caching.cache_data_api: No runtime found, using MemoryCacheStorageManager
paper bar=2026-07-24 02:15:00 model=tm_m15_best_2_49216b56 trades=6

--- start 2026-07-24T09:39:21+07:00 ---

--- start 2026-07-24T09:39:22+07:00 ---
paper chart=http://127.0.0.1:8766
2026-07-24 09:39:24.559 WARNING streamlit.runtime.caching.cache_data_api: No runtime found, using MemoryCacheStorageManager
2026-07-24 09:39:24.560 WARNING streamlit.runtime.caching.cache_data_api: No runtime found, using MemoryCacheStorageManager
paper bar=2026-07-24 02:15:00 model=tm_m15_best_2_49216b56 trades=6
paper bar=2026-07-24 02:30:00 model=tm_m15_best_2_49216b56 trades=6
paper bar=2026-07-24 02:45:00 model=tm_m15_best_2_49216b56 trades=6
paper bar=2026-07-24 03:00:00 model=tm_m15_best_2_49216b56 trades=6
paper bar=2026-07-24 03:15:00 model=tm_m15_best_2_49216b56 trades=6
paper bar=2026-07-24 03:30:00 model=tm_m15_best_2_49216b56 trades=6

--- start 2026-07-24T14:20:09+05:30 ---
paper chart unavailable: [Errno 98] Address already in use
2026-07-24 14:20:11.609 WARNING streamlit.runtime.caching.cache_data_api: No runtime found, using MemoryCacheStorageManager
2026-07-24 14:20:11.610 WARNING streamlit.runtime.caching.cache_data_api: No runtime found, using MemoryCacheStorageManager
paper bar=2026-07-24 04:00:00 model=tm_m15_best_2_49216b56 trades=5

--- start 2026-07-24T16:29:11+07:00 ---
paper chart=http://127.0.0.1:8766
2026-07-24 16:29:13.234 WARNING streamlit.runtime.caching.cache_data_api: No runtime found, using MemoryCacheStorageManager
2026-07-24 16:29:13.235 WARNING streamlit.runtime.caching.cache_data_api: No runtime found, using MemoryCacheStorageManager
paper bar=2026-07-24 09:00:00 model=tm_m15_best_2_49216b56 trades=5
paper bar=2026-07-24 09:00:00 model=tm_m15_best_2_49216b56 trades=5
paper bar=2026-07-24 09:15:00 model=tm_m15_best_2_49216b56 trades=5

--- start 2026-07-24T16:31:53+07:00 ---
paper chart=http://127.0.0.1:8766
2026-07-24 16:31:55.206 WARNING streamlit.runtime.caching.cache_data_api: No runtime found, using MemoryCacheStorageManager
2026-07-24 16:31:55.207 WARNING streamlit.runtime.caching.cache_data_api: No runtime found, using MemoryCacheStorageManager
paper bar=2026-07-24 09:15:00 model=tm_m15_best_2_49216b56 trades=5
