
--- start 2026-07-22T15:30:30+05:30 ---
[bridge] dir=/thuyen_check/logging/bk/EdgeMiner2/mt5/bridge model=tm_best_3m_64e3f742
[bridge] history bars=28383

--- start 2026-07-22T15:30:59+05:30 ---
[bridge] dir=/thuyen_check/logging/bk/EdgeMiner2/mt5/bridge model=tm_best_3m_64e3f742
[bridge] history bars=28383

--- start 2026-07-22T15:58:04+05:30 ---
[bridge] dir=/thuyen_check/logging/bk/EdgeMiner2/mt5/bridge model=tm_best_3m_64e3f742
[bridge] history bars=28383
[bridge] bar=2026.07.22 07:00 action=FLAT reason=no_signal strat=Forge RR3 hybrid 4L2S price+bb #8BA6

--- start 2026-07-22T19:50:52+07:00 ---
[bridge] dir=\thuyen_check\logging\bk\EdgeMiner2\mt5\bridge model=tm_best_3m_64e3f742
[bridge] history bars=28383
Traceback (most recent call last):
Traceback (most recent call last):
  File "C:\Work\ThuyenRepo\EdgeMiner2\scripts\mt5_bridge_service.py", line 175, in <module>
    raise SystemExit(main())
  File "C:\Work\ThuyenRepo\EdgeMiner2\scripts\mt5_bridge_service.py", line 171, in main
    time.sleep(max(0.2, args.poll))
KeyboardInterrupt

--- start 2026-07-22T19:52:22+07:00 ---
[bridge] dir=\thuyen_check\logging\bk\EdgeMiner2\mt5\bridge model=tm_best_3m_64e3f742
[bridge] history bars=28383
Traceback (most recent call last):
  File "C:\Work\ThuyenRepo\EdgeMiner2\scripts\mt5_bridge_service.py", line 175, in <module>
    raise SystemExit(main())
                     ~~~~^^
  File "C:\Work\ThuyenRepo\EdgeMiner2\scripts\mt5_bridge_service.py", line 171, in main
    time.sleep(max(0.2, args.poll))
    ~~~~~~~~~~^^^^^^^^^^^^^^^^^^^^^
KeyboardInterrupt

--- start 2026-07-22T19:53:58+07:00 ---
[bridge] dir=\thuyen_check\logging\bk\EdgeMiner2\mt5\bridge model=tm_best_3m_64e3f742
[bridge] history bars=28383
Traceback (most recent call last):
  File "C:\Work\ThuyenRepo\EdgeMiner2\scripts\mt5_bridge_service.py", line 175, in <module>
    raise SystemExit(main())
                     ~~~~^^
  File "C:\Work\ThuyenRepo\EdgeMiner2\scripts\mt5_bridge_service.py", line 171, in main
    time.sleep(max(0.2, args.poll))
    ~~~~~~~~~~^^^^^^^^^^^^^^^^^^^^^
KeyboardInterrupt

--- start 2026-07-22T20:39:01+07:00 ---
[bridge] dir=\thuyen_check\logging\bk\EdgeMiner2\mt5\bridge model=tm_best_3m_64e3f742
[bridge] history bars=28383
Traceback (most recent call last):
  File "C:\Work\ThuyenRepo\EdgeMiner2\scripts\mt5_bridge_service.py", line 175, in <module>
    raise SystemExit(main())
                     ~~~~^^
  File "C:\Work\ThuyenRepo\EdgeMiner2\scripts\mt5_bridge_service.py", line 171, in main
    time.sleep(max(0.2, args.poll))
    ~~~~~~~~~~^^^^^^^^^^^^^^^^^^^^^
KeyboardInterrupt

--- start 2026-07-22T20:41:33+07:00 ---
[bridge] dir=\thuyen_check\logging\bk\EdgeMiner2\mt5\bridge model=tm_best_3m_64e3f742
[bridge] history bars=28383
Traceback (most recent call last):
  File "C:\Work\ThuyenRepo\EdgeMiner2\scripts\mt5_bridge_service.py", line 175, in <module>
    raise SystemExit(main())
                     ~~~~^^
  File "C:\Work\ThuyenRepo\EdgeMiner2\scripts\mt5_bridge_service.py", line 171, in main
    time.sleep(max(0.2, args.poll))
    ~~~~~~~~~~^^^^^^^^^^^^^^^^^^^^^
KeyboardInterrupt

--- start 2026-07-22T20:44:20+07:00 ---
[bridge] dir=\thuyen_check\logging\bk\EdgeMiner2\mt5\bridge model=tm_best_3m_64e3f742
[bridge] history bars=28383
Traceback (most recent call last):
  File "C:\Work\ThuyenRepo\EdgeMiner2\scripts\mt5_bridge_service.py", line 175, in <module>
    raise SystemExit(main())
                     ~~~~^^
  File "C:\Work\ThuyenRepo\EdgeMiner2\scripts\mt5_bridge_service.py", line 171, in main
    time.sleep(max(0.2, args.poll))
    ~~~~~~~~~~^^^^^^^^^^^^^^^^^^^^^
KeyboardInterrupt

--- start 2026-07-22T20:45:46+07:00 ---
[bridge] dir=\thuyen_check\logging\bk\EdgeMiner2\mt5\bridge model=tm_best_3m_64e3f742
[bridge] history bars=28383
Traceback (most recent call last):
  File "C:\Work\ThuyenRepo\EdgeMiner2\scripts\mt5_bridge_service.py", line 175, in <module>
    raise SystemExit(main())
                     ~~~~^^
  File "C:\Work\ThuyenRepo\EdgeMiner2\scripts\mt5_bridge_service.py", line 171, in main
    time.sleep(max(0.2, args.poll))
    ~~~~~~~~~~^^^^^^^^^^^^^^^^^^^^^
KeyboardInterrupt

--- start 2026-07-22T20:47:30+07:00 ---
[bridge] dir=\thuyen_check\logging\bk\EdgeMiner2\mt5\bridge model=tm_best_3m_64e3f742
[bridge] history bars=28383
Traceback (most recent call last):
  File "C:\Work\ThuyenRepo\EdgeMiner2\scripts\mt5_bridge_service.py", line 175, in <module>
    raise SystemExit(main())
                     ~~~~^^
  File "C:\Work\ThuyenRepo\EdgeMiner2\scripts\mt5_bridge_service.py", line 171, in main
    time.sleep(max(0.2, args.poll))
    ~~~~~~~~~~^^^^^^^^^^^^^^^^^^^^^
KeyboardInterrupt

--- start 2026-07-22T20:52:46+07:00 ---
[bridge] dir=\thuyen_check\logging\bk\EdgeMiner2\mt5\bridge model=tm_best_3m_64e3f742
[bridge] history bars=28383
Traceback (most recent call last):
  File "C:\Work\ThuyenRepo\EdgeMiner2\scripts\mt5_bridge_service.py", line 175, in <module>
    raise SystemExit(main())
                     ~~~~^^
  File "C:\Work\ThuyenRepo\EdgeMiner2\scripts\mt5_bridge_service.py", line 171, in main
    time.sleep(max(0.2, args.poll))
    ~~~~~~~~~~^^^^^^^^^^^^^^^^^^^^^
KeyboardInterrupt
[bridge] dir=C:\Work\ThuyenRepo\EdgeMiner2\mt5\bridge model=tm_best_3m_64e3f742
[bridge] history bars=28384
[bridge] bar=2026.07.22 16:00 action=FLAT reason=no_signal strat=Forge RR3 hybrid 4L2S price+bb #4ABF
[bridge] dir=C:\Work\ThuyenRepo\EdgeMiner2\mt5\bridge model=tm_best_3m_64e3f742
[bridge] history bars=28384
[bridge] bar=2026.07.22 16:00 action=FLAT reason=no_signal strat=Forge RR2 hybrid 4L2S price+bb #7202

--- start 2026-07-22T21:21:47+07:00 ---
[bridge] dir=C:\Work\ThuyenRepo\EdgeMiner2\mt5\bridge model=tm_best_3m_64e3f742
[bridge] history bars=28384
[bridge] bar=2026.07.22 16:00 action=FLAT reason=no_signal strat=Forge RR2.5 hybrid 4L2S price+bb #4ECA
[bridge] dir=C:\Work\ThuyenRepo\EdgeMiner2\mt5\bridge model=tm_best_3m_64e3f742
[bridge] history bars=28384
[bridge] bar=2026.07.22 16:00 action=FLAT reason=no_signal strat=Forge RR3 hybrid 3L2S price+bb #250A
[bridge] dir=C:\Work\ThuyenRepo\EdgeMiner2\mt5\bridge model=tm_best_3m_64e3f742
[bridge] history bars=28384
[bridge] bar=2026.07.22 16:00 action=FLAT reason=no_signal strat=Forge RR2 hybrid 4L2S price+bb #F2B1
[bridge] dir=C:\Work\ThuyenRepo\EdgeMiner2\mt5\bridge model=tm_best_3m_64e3f742
[bridge] history bars=28384
[bridge] bar=2026.07.22 16:00 action=FLAT reason=no_signal strat=Forge RR3 hybrid 4L2S price+bb #13F6
